<?xml version="1.0" encoding="UTF-8"?>
<!-- Generated by org.testng.reporters.JUnitReportReporter -->
<testsuite hostname="SUKANNYAG-WIN10" failures="0" tests="9" name="TestRunner.HomePageTest" time="13.462" errors="0" timestamp="2022-08-09T13:46:17 IST" skipped="0">
  <testcase classname="TestRunner.HomePageTest" name="clickAll" time="0.964"/>
  <system-out/>
  <testcase classname="TestRunner.HomePageTest" name="clickOnElectronic" time="0.105"/>
  <system-out/>
  <testcase classname="TestRunner.HomePageTest" name="Televisions" time="0.964"/>
  <system-out/>
  <testcase classname="TestRunner.HomePageTest" name="scrollTillBrands" time="0.934"/>
  <system-out/>
  <testcase classname="TestRunner.HomePageTest" name="samsung" time="0.757"/>
  <system-out/>
  <testcase classname="TestRunner.HomePageTest" name="sort" time="1.447"/>
  <system-out/>
  <testcase classname="TestRunner.HomePageTest" name="highToLow" time="2.889"/>
  <system-out/>
  <testcase classname="TestRunner.HomePageTest" name="selectSecondItem" time="5.280"/>
  <system-out/>
  <testcase classname="TestRunner.HomePageTest" name="scrolldown" time="0.122"/>
  <system-out/>
</testsuite> <!-- TestRunner.HomePageTest -->
