<?xml version="1.0" encoding="UTF-8"?>
<!-- Generated by org.testng.reporters.JUnitReportReporter -->
<testsuite hostname="SUKANNYAG-WIN10" failures="0" tests="10" name="TestRunner.HomePageTest" time="1.414" errors="1" timestamp="2022-08-09T17:07:34 IST" skipped="9">
  <testcase classname="TestRunner.HomePageTest" name="clickAll" time="0.000">
    <skipped/>
  </testcase> <!-- clickAll -->
  <system-out/>
  <testcase classname="TestRunner.HomePageTest" name="setUp" time="1.414">
    <error message="Could not start a new session. Response code 500. Message: Unable to create session from {
  &quot;desiredCapabilities&quot;: {
    &quot;server:CONFIG_UUID&quot;: &quot;608e07fd-373e-4c01-8ef7-10d27f852c3c&quot;
  },
  &quot;capabilities&quot;: {
    &quot;firstMatch&quot;: [
      {
        &quot;server:CONFIG_UUID&quot;: &quot;608e07fd-373e-4c01-8ef7-10d27f852c3c&quot;
      }
    ]
  }
}
Build info: version: &#039;3.14.0&#039;, revision: &#039;aacccce0&#039;, time: &#039;2018-08-02T20:13:22.693Z&#039;
System info: host: &#039;SUKANNYAG-WIN10&#039;, ip: &#039;192.168.1.103&#039;, os.name: &#039;Windows 11&#039;, os.arch: &#039;amd64&#039;, os.version: &#039;10.0&#039;, java.version: &#039;17.0.4&#039;
Driver info: driver.version: unknown
Build info: version: &#039;4.3.0&#039;, revision: &#039;a4995e2c09*&#039;
System info: host: &#039;SUKANNYAG-WIN10&#039;, ip: &#039;192.168.1.103&#039;, os.name: &#039;Windows 11&#039;, os.arch: &#039;amd64&#039;, os.version: &#039;10.0&#039;, java.version: &#039;17.0.3&#039;
Driver info: org.openqa.selenium.remote.RemoteWebDriver
Command: [null, newSession {capabilities=[Capabilities {}], desiredCapabilities=Capabilities {}}]
Capabilities {}" type="org.openqa.selenium.SessionNotCreatedException">
      <![CDATA[org.openqa.selenium.SessionNotCreatedException: Could not start a new session. Response code 500. Message: Unable to create session from {
  "desiredCapabilities": {
    "server:CONFIG_UUID": "608e07fd-373e-4c01-8ef7-10d27f852c3c"
  },
  "capabilities": {
    "firstMatch": [
      {
        "server:CONFIG_UUID": "608e07fd-373e-4c01-8ef7-10d27f852c3c"
      }
    ]
  }
}
Build info: version: '3.14.0', revision: 'aacccce0', time: '2018-08-02T20:13:22.693Z'
System info: host: 'SUKANNYAG-WIN10', ip: '192.168.1.103', os.name: 'Windows 11', os.arch: 'amd64', os.version: '10.0', java.version: '17.0.4'
Driver info: driver.version: unknown
Build info: version: '4.3.0', revision: 'a4995e2c09*'
System info: host: 'SUKANNYAG-WIN10', ip: '192.168.1.103', os.name: 'Windows 11', os.arch: 'amd64', os.version: '10.0', java.version: '17.0.3'
Driver info: org.openqa.selenium.remote.RemoteWebDriver
Command: [null, newSession {capabilities=[Capabilities {}], desiredCapabilities=Capabilities {}}]
Capabilities {}
at org.openqa.selenium.remote.ProtocolHandshake.createSession(ProtocolHandshake.java:144)
at org.openqa.selenium.remote.ProtocolHandshake.createSession(ProtocolHandshake.java:102)
at org.openqa.selenium.remote.ProtocolHandshake.createSession(ProtocolHandshake.java:67)
at org.openqa.selenium.remote.HttpCommandExecutor.execute(HttpCommandExecutor.java:156)
at org.openqa.selenium.remote.TracedCommandExecutor.execute(TracedCommandExecutor.java:51)
at org.openqa.selenium.remote.RemoteWebDriver.execute(RemoteWebDriver.java:569)
at org.openqa.selenium.remote.RemoteWebDriver.startSession(RemoteWebDriver.java:264)
at org.openqa.selenium.remote.RemoteWebDriver.<init>(RemoteWebDriver.java:179)
at org.openqa.selenium.remote.RemoteWebDriver.<init>(RemoteWebDriver.java:161)
at BasePackage.BaseClass.setup(BaseClass.java:65)
at TestRunner.HomePageTest.setUp(HomePageTest.java:40)
at java.base/jdk.internal.reflect.NativeMethodAccessorImpl.invoke0(Native Method)
at java.base/jdk.internal.reflect.NativeMethodAccessorImpl.invoke(NativeMethodAccessorImpl.java:77)
at java.base/jdk.internal.reflect.DelegatingMethodAccessorImpl.invoke(DelegatingMethodAccessorImpl.java:43)
at java.base/java.lang.reflect.Method.invoke(Method.java:568)
at org.testng.internal.MethodInvocationHelper.invokeMethod(MethodInvocationHelper.java:133)
at org.testng.internal.MethodInvocationHelper.invokeMethodConsideringTimeout(MethodInvocationHelper.java:62)
at org.testng.internal.ConfigInvoker.invokeConfigurationMethod(ConfigInvoker.java:385)
at org.testng.internal.ConfigInvoker.invokeConfigurations(ConfigInvoker.java:321)
at org.testng.TestRunner.invokeTestConfigurations(TestRunner.java:637)
at org.testng.TestRunner.beforeRun(TestRunner.java:627)
at org.testng.TestRunner.run(TestRunner.java:589)
at org.testng.SuiteRunner.runTest(SuiteRunner.java:377)
at org.testng.SuiteRunner.runSequentially(SuiteRunner.java:371)
at org.testng.SuiteRunner.privateRun(SuiteRunner.java:332)
at org.testng.SuiteRunner.run(SuiteRunner.java:276)
at org.testng.SuiteRunnerWorker.runSuite(SuiteRunnerWorker.java:53)
at org.testng.SuiteRunnerWorker.run(SuiteRunnerWorker.java:96)
at org.testng.TestNG.runSuitesSequentially(TestNG.java:1212)
at org.testng.TestNG.runSuitesLocally(TestNG.java:1134)
at org.testng.TestNG.runSuites(TestNG.java:1063)
at org.testng.TestNG.run(TestNG.java:1031)
at org.testng.remote.AbstractRemoteTestNG.run(AbstractRemoteTestNG.java:115)
at org.testng.remote.RemoteTestNG.initAndRun(RemoteTestNG.java:251)
at org.testng.remote.RemoteTestNG.main(RemoteTestNG.java:77)
]]>
    </error>
  </testcase> <!-- setUp -->
  <system-out/>
  <testcase classname="TestRunner.HomePageTest" name="clickOnElectronic" time="0.000">
    <skipped/>
  </testcase> <!-- clickOnElectronic -->
  <system-out/>
  <testcase classname="TestRunner.HomePageTest" name="Televisions" time="0.000">
    <skipped/>
  </testcase> <!-- Televisions -->
  <system-out/>
  <testcase classname="TestRunner.HomePageTest" name="scrollTillBrands" time="0.000">
    <skipped/>
  </testcase> <!-- scrollTillBrands -->
  <system-out/>
  <testcase classname="TestRunner.HomePageTest" name="samsung" time="0.000">
    <skipped/>
  </testcase> <!-- samsung -->
  <system-out/>
  <testcase classname="TestRunner.HomePageTest" name="sort" time="0.000">
    <skipped/>
  </testcase> <!-- sort -->
  <system-out/>
  <testcase classname="TestRunner.HomePageTest" name="highToLow" time="0.000">
    <skipped/>
  </testcase> <!-- highToLow -->
  <system-out/>
  <testcase classname="TestRunner.HomePageTest" name="selectSecondItem" time="0.000">
    <skipped/>
  </testcase> <!-- selectSecondItem -->
  <system-out/>
  <testcase classname="TestRunner.HomePageTest" name="scrolldown" time="0.000">
    <skipped/>
  </testcase> <!-- scrolldown -->
  <system-out/>
</testsuite> <!-- TestRunner.HomePageTest -->
