<?xml version="1.0" encoding="UTF-8"?>
<!-- Generated by org.testng.reporters.JUnitReportReporter -->
<testsuite hostname="SUKANNYAG-WIN10" failures="0" tests="9" name="TestRunner.HomePageTest" time="11.760" errors="0" timestamp="2022-08-05T11:26:46 IST" skipped="0">
  <testcase classname="TestRunner.HomePageTest" name="clickAll" time="0.816"/>
  <system-out/>
  <testcase classname="TestRunner.HomePageTest" name="clickOnElectronic" time="0.093"/>
  <system-out/>
  <testcase classname="TestRunner.HomePageTest" name="Televisions" time="0.921"/>
  <system-out/>
  <testcase classname="TestRunner.HomePageTest" name="scrollTillBrands" time="0.749"/>
  <system-out/>
  <testcase classname="TestRunner.HomePageTest" name="samsung" time="0.724"/>
  <system-out/>
  <testcase classname="TestRunner.HomePageTest" name="sort" time="1.135"/>
  <system-out/>
  <testcase classname="TestRunner.HomePageTest" name="highToLow" time="1.998"/>
  <system-out/>
  <testcase classname="TestRunner.HomePageTest" name="selectSecondItem" time="5.183"/>
  <system-out/>
  <testcase classname="TestRunner.HomePageTest" name="scrolldown" time="0.141"/>
  <system-out/>
</testsuite> <!-- TestRunner.HomePageTest -->
