<?xml version="1.0" encoding="UTF-8"?>
<!-- Generated by org.testng.reporters.JUnitReportReporter -->
<testsuite hostname="SUKANNYAG-WIN10" failures="0" tests="9" name="TestRunner.HomePageTest" time="12.584" errors="0" timestamp="2022-08-09T16:37:06 IST" skipped="0">
  <testcase classname="TestRunner.HomePageTest" name="clickAll" time="0.799"/>
  <system-out/>
  <testcase classname="TestRunner.HomePageTest" name="clickOnElectronic" time="0.111"/>
  <system-out/>
  <testcase classname="TestRunner.HomePageTest" name="Televisions" time="1.045"/>
  <system-out/>
  <testcase classname="TestRunner.HomePageTest" name="scrollTillBrands" time="0.849"/>
  <system-out/>
  <testcase classname="TestRunner.HomePageTest" name="samsung" time="0.526"/>
  <system-out/>
  <testcase classname="TestRunner.HomePageTest" name="sort" time="1.423"/>
  <system-out/>
  <testcase classname="TestRunner.HomePageTest" name="highToLow" time="2.439"/>
  <system-out/>
  <testcase classname="TestRunner.HomePageTest" name="selectSecondItem" time="5.206"/>
  <system-out/>
  <testcase classname="TestRunner.HomePageTest" name="scrolldown" time="0.186"/>
  <system-out/>
</testsuite> <!-- TestRunner.HomePageTest -->
